<?xml version="1.0" encoding="UTF-8"?>
<!-- Generated by org.testng.reporters.JUnitReportReporter -->
<testsuite hostname="DESKTOP-R63P8RC" failures="0" tests="3" name="com.w2a.testcase.INITSNG" time="104.505" errors="0" timestamp="17 Oct 2020 06:40:46 GMT" skipped="0">
  <testcase classname="com.w2a.testcase.INITSNG" name="AboutUs" time="30.382"/>
  <testcase classname="com.w2a.testcase.INITSNG" name="JoinTheTeam" time="31.247"/>
  <testcase classname="com.w2a.testcase.INITSNG" name="ContactUS" time="42.876"/>
</testsuite> <!-- com.w2a.testcase.INITSNG -->
